Build started 5/22/2015 6:49:38 PM.
     1>Project "F:\Project9\Project9\Project9.vcxproj" on node 2 (Build target(s)).
     1>ClCompile:
         D:\Visual Studio Express\VC\bin\CL.exe /c /ZI /nologo /W3 /WX- /sdl /Od /Oy- /D _MBCS /Gm /EHsc /RTC1 /MDd /GS /fp:precise /Zc:wchar_t /Zc:forScope /Fo"Debug\\" /Fd"Debug\vc120.pdb" /Gd /TP /analyze- /errorReport:prompt Source.cpp
         Source.cpp
     1>f:\project9\project9\source.cpp(11): warning C4244: 'argument' : conversion from 'time_t' to 'unsigned int', possible loss of data
     1>f:\project9\project9\source.cpp(54): warning C4804: '<' : unsafe use of type 'bool' in operation
     1>f:\project9\project9\source.cpp(57): warning C4804: '<' : unsafe use of type 'bool' in operation
     1>f:\project9\project9\source.cpp(60): warning C4804: '<' : unsafe use of type 'bool' in operation
     1>f:\project9\project9\source.cpp(63): warning C4804: '<' : unsafe use of type 'bool' in operation
     1>f:\project9\project9\source.cpp(66): warning C4804: '<' : unsafe use of type 'bool' in operation
     1>f:\project9\project9\source.cpp(69): warning C4804: '<' : unsafe use of type 'bool' in operation
     1>f:\project9\project9\source.cpp(72): warning C4804: '<' : unsafe use of type 'bool' in operation
     1>f:\project9\project9\source.cpp(75): warning C4804: '<' : unsafe use of type 'bool' in operation
       Link:
         D:\Visual Studio Express\VC\bin\link.exe /ERRORREPORT:PROMPT /OUT:"F:\Project9\Debug\Project9.exe" /INCREMENTAL /NOLOGO kernel32.lib user32.lib gdi32.lib winspool.lib comdlg32.lib advapi32.lib shell32.lib ole32.lib oleaut32.lib uuid.lib odbc32.lib odbccp32.lib /MANIFEST /MANIFESTUAC:"level='asInvoker' uiAccess='false'" /manifest:embed /DEBUG /PDB:"F:\Project9\Debug\Project9.pdb" /TLBID:1 /DYNAMICBASE /NXCOMPAT /IMPLIB:"F:\Project9\Debug\Project9.lib" /MACHINE:X86 Debug\Source.obj
         Project9.vcxproj -> F:\Project9\Debug\Project9.exe
     1>Done Building Project "F:\Project9\Project9\Project9.vcxproj" (Build target(s)).

Build succeeded.

Time Elapsed 00:00:02.20
