0 info it worked if it ends with ok
1 verbose cli [ 'C:\\Program Files\\nodejs\\node.exe',
1 verbose cli   'C:\\Program Files\\nodejs\\node_modules\\npm\\bin\\npm-cli.js',
1 verbose cli   'update' ]
2 info using npm@3.10.10
3 info using node@v6.11.3
4 verbose config Skipping project config: C:\Users\Ffastyl Liace/.npmrc. (matches userconfig)
5 silly mapToRegistry name npm-debug.log
6 silly mapToRegistry using default registry
7 silly mapToRegistry registry https://registry.npmjs.org/
8 silly mapToRegistry data Result {
8 silly mapToRegistry   raw: 'npm-debug.log',
8 silly mapToRegistry   scope: null,
8 silly mapToRegistry   escapedName: 'npm-debug.log',
8 silly mapToRegistry   name: 'npm-debug.log',
8 silly mapToRegistry   rawSpec: '',
8 silly mapToRegistry   spec: 'latest',
8 silly mapToRegistry   type: 'tag' }
9 silly mapToRegistry uri https://registry.npmjs.org/npm-debug.log
10 silly mapToRegistry name mongodb
11 silly mapToRegistry using default registry
12 silly mapToRegistry registry https://registry.npmjs.org/
13 silly mapToRegistry data Result {
13 silly mapToRegistry   raw: 'mongodb',
13 silly mapToRegistry   scope: null,
13 silly mapToRegistry   escapedName: 'mongodb',
13 silly mapToRegistry   name: 'mongodb',
13 silly mapToRegistry   rawSpec: '',
13 silly mapToRegistry   spec: 'latest',
13 silly mapToRegistry   type: 'tag' }
14 silly mapToRegistry uri https://registry.npmjs.org/mongodb
15 verbose request uri https://registry.npmjs.org/npm-debug.log
16 verbose request no auth needed
17 info attempt registry request try #1 at 10:14:39 PM
18 verbose request id b4252216f35db6c2
19 http request GET https://registry.npmjs.org/npm-debug.log
20 verbose request uri https://registry.npmjs.org/mongodb
21 verbose request no auth needed
22 info attempt registry request try #1 at 10:14:39 PM
23 verbose etag "5a332239-9ac6a"
24 verbose lastModified Fri, 15 Dec 2017 1:15:37 GMT
25 http request GET https://registry.npmjs.org/mongodb
26 http 304 https://registry.npmjs.org/mongodb
27 verbose headers { date: 'Sun, 17 Dec 2017 03:14:38 GMT',
27 verbose headers   via: '1.1 varnish',
27 verbose headers   'cache-control': 'max-age=300',
27 verbose headers   etag: '"5a332239-9ac6a"',
27 verbose headers   age: '6224',
27 verbose headers   connection: 'keep-alive',
27 verbose headers   'x-served-by': 'cache-jfk8144-JFK',
27 verbose headers   'x-cache': 'HIT',
27 verbose headers   'x-cache-hits': '3',
27 verbose headers   'x-timer': 'S1513480479.721903,VS0,VE0',
27 verbose headers   vary: 'Accept-Encoding, Accept' }
28 silly get cb [ 304,
28 silly get   { date: 'Sun, 17 Dec 2017 03:14:38 GMT',
28 silly get     via: '1.1 varnish',
28 silly get     'cache-control': 'max-age=300',
28 silly get     etag: '"5a332239-9ac6a"',
28 silly get     age: '6224',
28 silly get     connection: 'keep-alive',
28 silly get     'x-served-by': 'cache-jfk8144-JFK',
28 silly get     'x-cache': 'HIT',
28 silly get     'x-cache-hits': '3',
28 silly get     'x-timer': 'S1513480479.721903,VS0,VE0',
28 silly get     vary: 'Accept-Encoding, Accept' } ]
29 verbose etag https://registry.npmjs.org/mongodb from cache
30 verbose get saving mongodb to C:\Users\Ffastyl Liace\AppData\Roaming\npm-cache\registry.npmjs.org\mongodb\.cache.json
31 verbose correctMkdir C:\Users\Ffastyl Liace\AppData\Roaming\npm-cache correctMkdir not in flight; initializing
32 silly cache add args [ 'mongodb', 'C:\\Users\\Ffastyl Liace\\node_modules\\mongodb' ]
33 verbose cache add spec mongodb@C:\Users\Ffastyl Liace\node_modules\mongodb
34 silly cache add parsed spec Result {
34 silly cache add   raw: 'mongodb@C:\\Users\\Ffastyl Liace\\node_modules\\mongodb',
34 silly cache add   scope: null,
34 silly cache add   escapedName: 'mongodb',
34 silly cache add   name: 'mongodb',
34 silly cache add   rawSpec: 'C:\\Users\\Ffastyl Liace\\node_modules\\mongodb',
34 silly cache add   spec: 'C:\\Users\\Ffastyl Liace\\node_modules\\mongodb',
34 silly cache add   type: 'directory' }
35 verbose addLocalDirectory C:\Users\Ffastyl Liace\AppData\Roaming\npm-cache\mongodb\3.0.0-rc0\package.tgz not in flight; packing
36 verbose correctMkdir C:\Users\Ffastyl Liace\AppData\Roaming\npm-cache correctMkdir not in flight; initializing
37 info lifecycle mongodb@3.0.0-rc0~prepublish: mongodb@3.0.0-rc0
38 silly lifecycle mongodb@3.0.0-rc0~prepublish: no script for prepublish, continuing
39 verbose tar pack [ 'C:\\Users\\Ffastyl Liace\\AppData\\Roaming\\npm-cache\\mongodb\\3.0.0-rc0\\package.tgz',
39 verbose tar pack   'C:\\Users\\Ffastyl Liace\\node_modules\\mongodb' ]
40 verbose tarball C:\Users\Ffastyl Liace\AppData\Roaming\npm-cache\mongodb\3.0.0-rc0\package.tgz
41 verbose folder C:\Users\Ffastyl Liace\node_modules\mongodb
42 verbose addLocalTarball adding from inside cache C:\Users\Ffastyl Liace\AppData\Roaming\npm-cache\mongodb\3.0.0-rc0\package.tgz
43 verbose correctMkdir C:\Users\Ffastyl Liace\AppData\Roaming\npm-cache correctMkdir not in flight; initializing
44 silly cache afterAdd mongodb@3.0.0-rc0
45 verbose afterAdd C:\Users\Ffastyl Liace\AppData\Roaming\npm-cache\mongodb\3.0.0-rc0\package\package.json not in flight; writing
46 verbose correctMkdir C:\Users\Ffastyl Liace\AppData\Roaming\npm-cache correctMkdir not in flight; initializing
47 verbose afterAdd C:\Users\Ffastyl Liace\AppData\Roaming\npm-cache\mongodb\3.0.0-rc0\package\package.json written
48 http 404 https://registry.npmjs.org/npm-debug.log
49 verbose headers { 'content-type': 'application/json',
49 verbose headers   'cache-control': 'max-age=0',
49 verbose headers   'content-length': '2',
49 verbose headers   'accept-ranges': 'bytes',
49 verbose headers   date: 'Sun, 17 Dec 2017 03:14:39 GMT',
49 verbose headers   via: '1.1 varnish',
49 verbose headers   connection: 'keep-alive',
49 verbose headers   'x-served-by': 'cache-jfk8136-JFK',
49 verbose headers   'x-cache': 'MISS',
49 verbose headers   'x-cache-hits': '0',
49 verbose headers   'x-timer': 'S1513480479.720180,VS0,VE471',
49 verbose headers   vary: 'Accept-Encoding' }
50 silly get cb [ 404,
50 silly get   { 'content-type': 'application/json',
50 silly get     'cache-control': 'max-age=0',
50 silly get     'content-length': '2',
50 silly get     'accept-ranges': 'bytes',
50 silly get     date: 'Sun, 17 Dec 2017 03:14:39 GMT',
50 silly get     via: '1.1 varnish',
50 silly get     connection: 'keep-alive',
50 silly get     'x-served-by': 'cache-jfk8136-JFK',
50 silly get     'x-cache': 'MISS',
50 silly get     'x-cache-hits': '0',
50 silly get     'x-timer': 'S1513480479.720180,VS0,VE471',
50 silly get     vary: 'Accept-Encoding' } ]
51 verbose stack Error: Registry returned 404 for GET on https://registry.npmjs.org/npm-debug.log
51 verbose stack     at makeError (C:\Program Files\nodejs\node_modules\npm\node_modules\npm-registry-client\lib\request.js:302:12)
51 verbose stack     at CachingRegistryClient.<anonymous> (C:\Program Files\nodejs\node_modules\npm\node_modules\npm-registry-client\lib\request.js:280:14)
51 verbose stack     at Request._callback (C:\Program Files\nodejs\node_modules\npm\node_modules\npm-registry-client\lib\request.js:210:14)
51 verbose stack     at Request.self.callback (C:\Program Files\nodejs\node_modules\npm\node_modules\request\request.js:187:22)
51 verbose stack     at emitTwo (events.js:106:13)
51 verbose stack     at Request.emit (events.js:191:7)
51 verbose stack     at Request.<anonymous> (C:\Program Files\nodejs\node_modules\npm\node_modules\request\request.js:1048:10)
51 verbose stack     at emitOne (events.js:96:13)
51 verbose stack     at Request.emit (events.js:188:7)
51 verbose stack     at IncomingMessage.<anonymous> (C:\Program Files\nodejs\node_modules\npm\node_modules\request\request.js:969:12)
52 verbose statusCode 404
53 verbose pkgid npm-debug.log
54 verbose cwd C:\Users\Ffastyl Liace\Desktop\Python Code
55 error Windows_NT 10.0.16299
56 error argv "C:\\Program Files\\nodejs\\node.exe" "C:\\Program Files\\nodejs\\node_modules\\npm\\bin\\npm-cli.js" "update"
57 error node v6.11.3
58 error npm  v3.10.10
59 error code E404
60 error 404 Registry returned 404 for GET on https://registry.npmjs.org/npm-debug.log
61 error 404
62 error 404 'npm-debug.log' is not in the npm registry.
63 error 404 You should bug the author to publish it (or use the name yourself!)
64 error 404 Note that you can also install from a
65 error 404 tarball, folder, http url, or git url.
66 verbose exit [ 1, true ]
