e:\consoleapplication1\debug\consoleapplication1.ilk
e:\consoleapplication1\debug\consoleapplication1.exe
e:\consoleapplication1\debug\consoleapplication1.pdb
e:\assembly language\consoleapplication2\consoleapplication1\debug\consoleapplication2.ilk
e:\assembly language\consoleapplication2\consoleapplication1\debug\consoleapplication2.exe
e:\assembly language\consoleapplication2\consoleapplication1\debug\consoleapplication2.pdb
e:\assembly language\backup\consoleapplication2\consoleapplication1\debug\consoleapplication2.ilk
e:\assembly language\backup\consoleapplication2\consoleapplication1\debug\consoleapplication2.exe
e:\assembly language\backup\consoleapplication2\consoleapplication1\debug\consoleapplication2.pdb
e:\assembly language\backup\consoleapplication2\consoleapplication1\debug\vc120.pdb
e:\assembly language\backup\consoleapplication2\consoleapplication1\debug\vc120.idb
e:\assembly language\consoleapplication2\consoleapplication1\debug\addtwo.obj
e:\assembly language\consoleapplication2\consoleapplication1\debug\hello_world.obj
e:\assembly language\consoleapplication2\consoleapplication1\debug\exten.obj
e:\assembly language\consoleapplication2\consoleapplication1\debug\lcrocket_11.obj
e:\assembly language\consoleapplication2\consoleapplication1\debug\lcrocket_12.obj
e:\assembly language\consoleapplication2\consoleapplication1\debug\lcrocket_13.obj
e:\assembly language\backup\consoleapplication2\consoleapplication1\debug\source.obj
e:\assembly language\backup\consoleapplication2\consoleapplication1\debug\lcrocket_5_11.obj
e:\assembly language\backup\consoleapplication2\consoleapplication1\debug\addtwo.obj
e:\assembly language\backup\consoleapplication2\consoleapplication1\debug\hello_world.obj
e:\assembly language\backup\consoleapplication2\consoleapplication1\debug\exten.obj
e:\assembly language\backup\consoleapplication2\consoleapplication1\debug\lcrocket_11.obj
e:\assembly language\backup\consoleapplication2\consoleapplication1\debug\lcrocket_12.obj
e:\assembly language\backup\consoleapplication2\consoleapplication1\debug\lcrocket_13.obj
e:\assembly language\backup\consoleapplication2\consoleapplication1\debug\consolea.c4cb90d8.tlog\link.write.1.tlog
e:\assembly language\backup\consoleapplication2\consoleapplication1\debug\consolea.c4cb90d8.tlog\link.command.1.tlog
e:\assembly language\backup\consoleapplication2\consoleapplication1\debug\consolea.c4cb90d8.tlog\cl.read.1.tlog
e:\assembly language\backup\consoleapplication2\consoleapplication1\debug\consolea.c4cb90d8.tlog\cl.write.1.tlog
e:\assembly language\backup\consoleapplication2\consoleapplication1\debug\consolea.c4cb90d8.tlog\cl.command.1.tlog
e:\assembly language\backup\consoleapplication2\consoleapplication1\debug\consolea.c4cb90d8.tlog\link.read.1.tlog
e:\assembly language\backup\consoleapplication2\consoleapplication1\debug\consolea.c4cb90d8.tlog\consoleapplication2.write.1u.tlog
